Doing run 1...

    Settings:
      CUDA:             True
      debug:            False
      logdir:           runs/pdf-triangle/cubic-False/d-8/rho-1.00
      run_id:           1
      batchsize:        128
      iterations:       1000
      epochs:           20
      kernel_samples:   128
      d:                8
      pdf:              triangle
      rho:              1.00
      lr:               0.00
      data_components:  2
Epoch 1/20 starting ...
Epoch 2/20 starting ...
Epoch 3/20 starting ...
Epoch 4/20 starting ...
Epoch 5/20 starting ...
Epoch 6/20 starting ...
Epoch 7/20 starting ...
Epoch 8/20 starting ...
Epoch 9/20 starting ...
Epoch 10/20 starting ...
Epoch 11/20 starting ...
Epoch 12/20 starting ...
Epoch 13/20 starting ...
Epoch 14/20 starting ...
Epoch 15/20 starting ...
Epoch 16/20 starting ...
Epoch 17/20 starting ...
Epoch 18/20 starting ...
Epoch 19/20 starting ...
Epoch 20/20 starting ...
Finished training.
KNIFE: final evaluation on fresh dataset...
  True Entropy:    -1.7598
  Final Estimate:  0.5436
  ERRROR:          2.3034
Schraudolph: final evaluation on fresh dataset...
  True Entropy:    -1.7598
  Final Estimate:  0.7402
  ERRROR:          2.4999
DoE: final evaluation on fresh dataset...
  True Entropy:    -1.7598
  Final Estimate:  3.7669
  ERRROR:          5.5267
Doing run 2...

    Settings:
      CUDA:             True
      debug:            False
      logdir:           runs/pdf-triangle/cubic-False/d-8/rho-1.00
      run_id:           2
      batchsize:        128
      iterations:       1000
      epochs:           20
      kernel_samples:   128
      d:                8
      pdf:              triangle
      rho:              1.00
      lr:               0.00
      data_components:  2
Epoch 1/20 starting ...
Epoch 2/20 starting ...
Epoch 3/20 starting ...
Epoch 4/20 starting ...
Epoch 5/20 starting ...
Epoch 6/20 starting ...
Epoch 7/20 starting ...
Epoch 8/20 starting ...
Epoch 9/20 starting ...
Epoch 10/20 starting ...
Epoch 11/20 starting ...
Epoch 12/20 starting ...
Epoch 13/20 starting ...
Epoch 14/20 starting ...
Epoch 15/20 starting ...
Epoch 16/20 starting ...
Epoch 17/20 starting ...
Epoch 18/20 starting ...
Epoch 19/20 starting ...
Epoch 20/20 starting ...
Finished training.
KNIFE: final evaluation on fresh dataset...
  True Entropy:    3.4766
  Final Estimate:  4.1724
  ERRROR:          0.6957
Schraudolph: final evaluation on fresh dataset...
  True Entropy:    3.4766
  Final Estimate:  5.1370
  ERRROR:          1.6604
DoE: final evaluation on fresh dataset...
  True Entropy:    3.4766
  Final Estimate:  6.0657
  ERRROR:          2.5890
Doing run 3...

    Settings:
      CUDA:             True
      debug:            False
      logdir:           runs/pdf-triangle/cubic-False/d-8/rho-1.00
      run_id:           3
      batchsize:        128
      iterations:       1000
      epochs:           20
      kernel_samples:   128
      d:                8
      pdf:              triangle
      rho:              1.00
      lr:               0.00
      data_components:  2
Epoch 1/20 starting ...
Epoch 2/20 starting ...
Epoch 3/20 starting ...
Epoch 4/20 starting ...
Epoch 5/20 starting ...
Epoch 6/20 starting ...
Epoch 7/20 starting ...
Epoch 8/20 starting ...
Epoch 9/20 starting ...
Epoch 10/20 starting ...
Epoch 11/20 starting ...
Epoch 12/20 starting ...
Epoch 13/20 starting ...
Epoch 14/20 starting ...
Epoch 15/20 starting ...
Epoch 16/20 starting ...
Epoch 17/20 starting ...
Epoch 18/20 starting ...
Epoch 19/20 starting ...
Epoch 20/20 starting ...
Finished training.
KNIFE: final evaluation on fresh dataset...
  True Entropy:    -0.5059
  Final Estimate:  1.4366
  ERRROR:          1.9425
Schraudolph: final evaluation on fresh dataset...
  True Entropy:    -0.5059
  Final Estimate:  2.3183
  ERRROR:          2.8242
DoE: final evaluation on fresh dataset...
  True Entropy:    -0.5059
  Final Estimate:  6.2056
  ERRROR:          6.7116
FINAL:
KNIFE:
  error 1: 1.6472 ± 0.6887
Schraudolph:
  error 1: 2.3282 ± 0.4904
DoE:
  error 1: 4.9424 ± 1.7330
