Doing run 1...

    Settings:
      CUDA:             True
      debug:            False
      logdir:           runs/pdf-triangle/cubic-False/d-8/rho-1.00
      run_id:           1
      batchsize:        128
      iterations:       1000
      epochs:           20
      kernel_samples:   128
      d:                8
      pdf:              triangle
      rho:              1.00
      lr:               0.00
      data_components:  2
Epoch 1/20 starting ...
Epoch 2/20 starting ...
Epoch 3/20 starting ...
Epoch 4/20 starting ...
Epoch 5/20 starting ...
Epoch 6/20 starting ...
Epoch 7/20 starting ...
Epoch 8/20 starting ...
Epoch 9/20 starting ...
Epoch 10/20 starting ...
Epoch 11/20 starting ...
Epoch 12/20 starting ...
Epoch 13/20 starting ...
Epoch 14/20 starting ...
Epoch 15/20 starting ...
Epoch 16/20 starting ...
Epoch 17/20 starting ...
Epoch 18/20 starting ...
Epoch 19/20 starting ...
Epoch 20/20 starting ...
Finished training.
KNIFE: final evaluation on fresh dataset...
  True Entropy:    -0.2705
  Final Estimate:  1.4029
  ERRROR:          1.6734
Schraudolph: final evaluation on fresh dataset...
  True Entropy:    -0.2705
  Final Estimate:  1.8761
  ERRROR:          2.1466
DoE: final evaluation on fresh dataset...
  True Entropy:    -0.2705
  Final Estimate:  3.8262
  ERRROR:          4.0967
Doing run 2...

    Settings:
      CUDA:             True
      debug:            False
      logdir:           runs/pdf-triangle/cubic-False/d-8/rho-1.00
      run_id:           2
      batchsize:        128
      iterations:       1000
      epochs:           20
      kernel_samples:   128
      d:                8
      pdf:              triangle
      rho:              1.00
      lr:               0.00
      data_components:  2
Epoch 1/20 starting ...
Epoch 2/20 starting ...
Epoch 3/20 starting ...
Epoch 4/20 starting ...
Epoch 5/20 starting ...
Epoch 6/20 starting ...
Epoch 7/20 starting ...
Epoch 8/20 starting ...
Epoch 9/20 starting ...
Epoch 10/20 starting ...
Epoch 11/20 starting ...
Epoch 12/20 starting ...
Epoch 13/20 starting ...
Epoch 14/20 starting ...
Epoch 15/20 starting ...
Epoch 16/20 starting ...
Epoch 17/20 starting ...
Epoch 18/20 starting ...
Epoch 19/20 starting ...
Epoch 20/20 starting ...
Finished training.
KNIFE: final evaluation on fresh dataset...
  True Entropy:    -4.3060
  Final Estimate:  -3.3367
  ERRROR:          0.9692
Schraudolph: final evaluation on fresh dataset...
  True Entropy:    -4.3060
  Final Estimate:  -2.4149
  ERRROR:          1.8911
DoE: final evaluation on fresh dataset...
  True Entropy:    -4.3060
  Final Estimate:  4.1036
  ERRROR:          8.4096
Doing run 3...

    Settings:
      CUDA:             True
      debug:            False
      logdir:           runs/pdf-triangle/cubic-False/d-8/rho-1.00
      run_id:           3
      batchsize:        128
      iterations:       1000
      epochs:           20
      kernel_samples:   128
      d:                8
      pdf:              triangle
      rho:              1.00
      lr:               0.00
      data_components:  2
Epoch 1/20 starting ...
Epoch 2/20 starting ...
Epoch 3/20 starting ...
Epoch 4/20 starting ...
Epoch 5/20 starting ...
Epoch 6/20 starting ...
Epoch 7/20 starting ...
Epoch 8/20 starting ...
Epoch 9/20 starting ...
Epoch 10/20 starting ...
Epoch 11/20 starting ...
Epoch 12/20 starting ...
Epoch 13/20 starting ...
Epoch 14/20 starting ...
Epoch 15/20 starting ...
Epoch 16/20 starting ...
Epoch 17/20 starting ...
Epoch 18/20 starting ...
Epoch 19/20 starting ...
Epoch 20/20 starting ...
Finished training.
KNIFE: final evaluation on fresh dataset...
  True Entropy:    -9.7406
  Final Estimate:  -5.0522
  ERRROR:          4.6884
Schraudolph: final evaluation on fresh dataset...
  True Entropy:    -9.7406
  Final Estimate:  -5.8032
  ERRROR:          3.9375
DoE: final evaluation on fresh dataset...
  True Entropy:    -9.7406
  Final Estimate:  6.0832
  ERRROR:          15.8238
FINAL:
KNIFE:
  error 1: 2.4437 ± 1.6131
Schraudolph:
  error 1: 2.6584 ± 0.9104
DoE:
  error 1: 9.4434 ± 4.8430
