Doing run 1...

    Settings:
      CUDA:             True
      debug:            False
      logdir:           runs/pdf-triangle/cubic-False/d-5/rho-1.00
      run_id:           1
      batchsize:        128
      iterations:       1000
      epochs:           20
      kernel_samples:   128
      d:                5
      pdf:              triangle
      rho:              1.00
      lr:               0.00
      data_components:  2
Epoch 1/20 starting ...
Epoch 2/20 starting ...
Epoch 3/20 starting ...
Epoch 4/20 starting ...
Epoch 5/20 starting ...
Epoch 6/20 starting ...
Epoch 7/20 starting ...
Epoch 8/20 starting ...
Epoch 9/20 starting ...
Epoch 10/20 starting ...
Epoch 11/20 starting ...
Epoch 12/20 starting ...
Epoch 13/20 starting ...
Epoch 14/20 starting ...
Epoch 15/20 starting ...
Epoch 16/20 starting ...
Epoch 17/20 starting ...
Epoch 18/20 starting ...
Epoch 19/20 starting ...
Epoch 20/20 starting ...
Finished training.
KNIFE: final evaluation on fresh dataset...
  True Entropy:    -1.3383
  Final Estimate:  -0.8038
  ERRROR:          0.5345
Schraudolph: final evaluation on fresh dataset...
  True Entropy:    -1.3383
  Final Estimate:  -0.3831
  ERRROR:          0.9552
DoE: final evaluation on fresh dataset...
  True Entropy:    -1.3383
  Final Estimate:  3.4469
  ERRROR:          4.7852
Doing run 2...

    Settings:
      CUDA:             True
      debug:            False
      logdir:           runs/pdf-triangle/cubic-False/d-5/rho-1.00
      run_id:           2
      batchsize:        128
      iterations:       1000
      epochs:           20
      kernel_samples:   128
      d:                5
      pdf:              triangle
      rho:              1.00
      lr:               0.00
      data_components:  2
Epoch 1/20 starting ...
Epoch 2/20 starting ...
Epoch 3/20 starting ...
Epoch 4/20 starting ...
Epoch 5/20 starting ...
Epoch 6/20 starting ...
Epoch 7/20 starting ...
Epoch 8/20 starting ...
Epoch 9/20 starting ...
Epoch 10/20 starting ...
Epoch 11/20 starting ...
Epoch 12/20 starting ...
Epoch 13/20 starting ...
Epoch 14/20 starting ...
Epoch 15/20 starting ...
Epoch 16/20 starting ...
Epoch 17/20 starting ...
Epoch 18/20 starting ...
Epoch 19/20 starting ...
Epoch 20/20 starting ...
Finished training.
KNIFE: final evaluation on fresh dataset...
  True Entropy:    -0.8388
  Final Estimate:  -0.7259
  ERRROR:          0.1129
Schraudolph: final evaluation on fresh dataset...
  True Entropy:    -0.8388
  Final Estimate:  0.3341
  ERRROR:          1.1729
DoE: final evaluation on fresh dataset...
  True Entropy:    -0.8388
  Final Estimate:  4.8799
  ERRROR:          5.7187
Doing run 3...

    Settings:
      CUDA:             True
      debug:            False
      logdir:           runs/pdf-triangle/cubic-False/d-5/rho-1.00
      run_id:           3
      batchsize:        128
      iterations:       1000
      epochs:           20
      kernel_samples:   128
      d:                5
      pdf:              triangle
      rho:              1.00
      lr:               0.00
      data_components:  2
Epoch 1/20 starting ...
Epoch 2/20 starting ...
Epoch 3/20 starting ...
Epoch 4/20 starting ...
Epoch 5/20 starting ...
Epoch 6/20 starting ...
Epoch 7/20 starting ...
Epoch 8/20 starting ...
Epoch 9/20 starting ...
Epoch 10/20 starting ...
Epoch 11/20 starting ...
Epoch 12/20 starting ...
Epoch 13/20 starting ...
Epoch 14/20 starting ...
Epoch 15/20 starting ...
Epoch 16/20 starting ...
Epoch 17/20 starting ...
Epoch 18/20 starting ...
Epoch 19/20 starting ...
Epoch 20/20 starting ...
Finished training.
KNIFE: final evaluation on fresh dataset...
  True Entropy:    0.8322
  Final Estimate:  0.9697
  ERRROR:          0.1375
Schraudolph: final evaluation on fresh dataset...
  True Entropy:    0.8322
  Final Estimate:  1.9139
  ERRROR:          1.0818
DoE: final evaluation on fresh dataset...
  True Entropy:    0.8322
  Final Estimate:  4.7289
  ERRROR:          3.8967
Doing run 4...

    Settings:
      CUDA:             True
      debug:            False
      logdir:           runs/pdf-triangle/cubic-False/d-5/rho-1.00
      run_id:           4
      batchsize:        128
      iterations:       1000
      epochs:           20
      kernel_samples:   128
      d:                5
      pdf:              triangle
      rho:              1.00
      lr:               0.00
      data_components:  2
Epoch 1/20 starting ...
Epoch 2/20 starting ...
Epoch 3/20 starting ...
Epoch 4/20 starting ...
Epoch 5/20 starting ...
Epoch 6/20 starting ...
Epoch 7/20 starting ...
Epoch 8/20 starting ...
Epoch 9/20 starting ...
Epoch 10/20 starting ...
Epoch 11/20 starting ...
Epoch 12/20 starting ...
Epoch 13/20 starting ...
Epoch 14/20 starting ...
Epoch 15/20 starting ...
Epoch 16/20 starting ...
Epoch 17/20 starting ...
Epoch 18/20 starting ...
Epoch 19/20 starting ...
Epoch 20/20 starting ...
Finished training.
KNIFE: final evaluation on fresh dataset...
  True Entropy:    -7.6099
  Final Estimate:  -7.1998
  ERRROR:          0.4101
Schraudolph: final evaluation on fresh dataset...
  True Entropy:    -7.6099
  Final Estimate:  -6.6910
  ERRROR:          0.9189
DoE: final evaluation on fresh dataset...
  True Entropy:    -7.6099
  Final Estimate:  0.5449
  ERRROR:          8.1548
Doing run 5...

    Settings:
      CUDA:             True
      debug:            False
      logdir:           runs/pdf-triangle/cubic-False/d-5/rho-1.00
      run_id:           5
      batchsize:        128
      iterations:       1000
      epochs:           20
      kernel_samples:   128
      d:                5
      pdf:              triangle
      rho:              1.00
      lr:               0.00
      data_components:  2
Epoch 1/20 starting ...
Epoch 2/20 starting ...
Epoch 3/20 starting ...
Epoch 4/20 starting ...
Epoch 5/20 starting ...
Epoch 6/20 starting ...
Epoch 7/20 starting ...
Epoch 8/20 starting ...
Epoch 9/20 starting ...
Epoch 10/20 starting ...
Epoch 11/20 starting ...
Epoch 12/20 starting ...
Epoch 13/20 starting ...
Epoch 14/20 starting ...
Epoch 15/20 starting ...
Epoch 16/20 starting ...
Epoch 17/20 starting ...
Epoch 18/20 starting ...
Epoch 19/20 starting ...
Epoch 20/20 starting ...
Finished training.
KNIFE: final evaluation on fresh dataset...
  True Entropy:    0.6109
  Final Estimate:  0.7519
  ERRROR:          0.1409
Schraudolph: final evaluation on fresh dataset...
  True Entropy:    0.6109
  Final Estimate:  1.4812
  ERRROR:          0.8702
DoE: final evaluation on fresh dataset...
  True Entropy:    0.6109
  Final Estimate:  2.9547
  ERRROR:          2.3438
Doing run 6...

    Settings:
      CUDA:             True
      debug:            False
      logdir:           runs/pdf-triangle/cubic-False/d-5/rho-1.00
      run_id:           6
      batchsize:        128
      iterations:       1000
      epochs:           20
      kernel_samples:   128
      d:                5
      pdf:              triangle
      rho:              1.00
      lr:               0.00
      data_components:  2
Epoch 1/20 starting ...
Epoch 2/20 starting ...
Epoch 3/20 starting ...
Epoch 4/20 starting ...
Epoch 5/20 starting ...
Epoch 6/20 starting ...
Epoch 7/20 starting ...
Epoch 8/20 starting ...
Epoch 9/20 starting ...
Epoch 10/20 starting ...
Epoch 11/20 starting ...
Epoch 12/20 starting ...
Epoch 13/20 starting ...
Epoch 14/20 starting ...
Epoch 15/20 starting ...
Epoch 16/20 starting ...
Epoch 17/20 starting ...
Epoch 18/20 starting ...
Epoch 19/20 starting ...
Epoch 20/20 starting ...
Finished training.
KNIFE: final evaluation on fresh dataset...
  True Entropy:    -0.9057
  Final Estimate:  -0.4594
  ERRROR:          0.4464
Schraudolph: final evaluation on fresh dataset...
  True Entropy:    -0.9057
  Final Estimate:  0.1003
  ERRROR:          1.0060
DoE: final evaluation on fresh dataset...
  True Entropy:    -0.9057
  Final Estimate:  3.5419
  ERRROR:          4.4476
Doing run 7...

    Settings:
      CUDA:             True
      debug:            False
      logdir:           runs/pdf-triangle/cubic-False/d-5/rho-1.00
      run_id:           7
      batchsize:        128
      iterations:       1000
      epochs:           20
      kernel_samples:   128
      d:                5
      pdf:              triangle
      rho:              1.00
      lr:               0.00
      data_components:  2
Epoch 1/20 starting ...
Epoch 2/20 starting ...
Epoch 3/20 starting ...
Epoch 4/20 starting ...
Epoch 5/20 starting ...
Epoch 6/20 starting ...
Epoch 7/20 starting ...
Epoch 8/20 starting ...
Epoch 9/20 starting ...
Epoch 10/20 starting ...
Epoch 11/20 starting ...
Epoch 12/20 starting ...
Epoch 13/20 starting ...
Epoch 14/20 starting ...
Epoch 15/20 starting ...
Epoch 16/20 starting ...
Epoch 17/20 starting ...
Epoch 18/20 starting ...
Epoch 19/20 starting ...
Epoch 20/20 starting ...
Finished training.
KNIFE: final evaluation on fresh dataset...
  True Entropy:    -6.2480
  Final Estimate:  -5.6933
  ERRROR:          0.5547
Schraudolph: final evaluation on fresh dataset...
  True Entropy:    -6.2480
  Final Estimate:  -5.2995
  ERRROR:          0.9485
DoE: final evaluation on fresh dataset...
  True Entropy:    -6.2480
  Final Estimate:  2.9441
  ERRROR:          9.1921
Doing run 8...

    Settings:
      CUDA:             True
      debug:            False
      logdir:           runs/pdf-triangle/cubic-False/d-5/rho-1.00
      run_id:           8
      batchsize:        128
      iterations:       1000
      epochs:           20
      kernel_samples:   128
      d:                5
      pdf:              triangle
      rho:              1.00
      lr:               0.00
      data_components:  2
Epoch 1/20 starting ...
Epoch 2/20 starting ...
Epoch 3/20 starting ...
Epoch 4/20 starting ...
Epoch 5/20 starting ...
Epoch 6/20 starting ...
Epoch 7/20 starting ...
Epoch 8/20 starting ...
Epoch 9/20 starting ...
Epoch 10/20 starting ...
Epoch 11/20 starting ...
Epoch 12/20 starting ...
Epoch 13/20 starting ...
Epoch 14/20 starting ...
Epoch 15/20 starting ...
Epoch 16/20 starting ...
Epoch 17/20 starting ...
Epoch 18/20 starting ...
Epoch 19/20 starting ...
Epoch 20/20 starting ...
Finished training.
KNIFE: final evaluation on fresh dataset...
  True Entropy:    -2.5353
  Final Estimate:  -2.1381
  ERRROR:          0.3972
Schraudolph: final evaluation on fresh dataset...
  True Entropy:    -2.5353
  Final Estimate:  -1.6378
  ERRROR:          0.8975
DoE: final evaluation on fresh dataset...
  True Entropy:    -2.5353
  Final Estimate:  1.5985
  ERRROR:          4.1337
Doing run 9...

    Settings:
      CUDA:             True
      debug:            False
      logdir:           runs/pdf-triangle/cubic-False/d-5/rho-1.00
      run_id:           9
      batchsize:        128
      iterations:       1000
      epochs:           20
      kernel_samples:   128
      d:                5
      pdf:              triangle
      rho:              1.00
      lr:               0.00
      data_components:  2
Epoch 1/20 starting ...
Epoch 2/20 starting ...
Epoch 3/20 starting ...
Epoch 4/20 starting ...
Epoch 5/20 starting ...
Epoch 6/20 starting ...
Epoch 7/20 starting ...
Epoch 8/20 starting ...
Epoch 9/20 starting ...
Epoch 10/20 starting ...
Epoch 11/20 starting ...
Epoch 12/20 starting ...
Epoch 13/20 starting ...
Epoch 14/20 starting ...
Epoch 15/20 starting ...
Epoch 16/20 starting ...
Epoch 17/20 starting ...
Epoch 18/20 starting ...
Epoch 19/20 starting ...
Epoch 20/20 starting ...
Finished training.
KNIFE: final evaluation on fresh dataset...
  True Entropy:    -2.4004
  Final Estimate:  -2.2183
  ERRROR:          0.1821
Schraudolph: final evaluation on fresh dataset...
  True Entropy:    -2.4004
  Final Estimate:  -1.2340
  ERRROR:          1.1665
DoE: final evaluation on fresh dataset...
  True Entropy:    -2.4004
  Final Estimate:  5.1521
  ERRROR:          7.5526
Doing run 10...

    Settings:
      CUDA:             True
      debug:            False
      logdir:           runs/pdf-triangle/cubic-False/d-5/rho-1.00
      run_id:           10
      batchsize:        128
      iterations:       1000
      epochs:           20
      kernel_samples:   128
      d:                5
      pdf:              triangle
      rho:              1.00
      lr:               0.00
      data_components:  2
Epoch 1/20 starting ...
Epoch 2/20 starting ...
Epoch 3/20 starting ...
Epoch 4/20 starting ...
Epoch 5/20 starting ...
Epoch 6/20 starting ...
Epoch 7/20 starting ...
Epoch 8/20 starting ...
Epoch 9/20 starting ...
Epoch 10/20 starting ...
Epoch 11/20 starting ...
Epoch 12/20 starting ...
Epoch 13/20 starting ...
Epoch 14/20 starting ...
Epoch 15/20 starting ...
Epoch 16/20 starting ...
Epoch 17/20 starting ...
Epoch 18/20 starting ...
Epoch 19/20 starting ...
Epoch 20/20 starting ...
Finished training.
KNIFE: final evaluation on fresh dataset...
  True Entropy:    -0.2325
  Final Estimate:  0.2795
  ERRROR:          0.5120
Schraudolph: final evaluation on fresh dataset...
  True Entropy:    -0.2325
  Final Estimate:  0.8101
  ERRROR:          1.0427
DoE: final evaluation on fresh dataset...
  True Entropy:    -0.2325
  Final Estimate:  3.2811
  ERRROR:          3.5137
FINAL:
KNIFE:
  error 1: 0.3428 ± 0.1703
Schraudolph:
  error 1: 1.0060 ± 0.1022
DoE:
  error 1: 5.3739 ± 2.1153
