Doing run 1...

    Settings:
      CUDA:             True
      debug:            False
      logdir:           runs/pdf-triangle/cubic-False/d-5/rho-1.00
      run_id:           1
      batchsize:        128
      iterations:       1000
      epochs:           20
      kernel_samples:   128
      d:                5
      pdf:              triangle
      rho:              1.00
      lr:               0.00
      data_components:  2
Epoch 1/20 starting ...
Epoch 2/20 starting ...
Epoch 3/20 starting ...
Epoch 4/20 starting ...
Epoch 5/20 starting ...
Epoch 6/20 starting ...
Epoch 7/20 starting ...
Epoch 8/20 starting ...
Epoch 9/20 starting ...
Epoch 10/20 starting ...
Epoch 11/20 starting ...
Epoch 12/20 starting ...
Epoch 13/20 starting ...
Epoch 14/20 starting ...
Epoch 15/20 starting ...
Epoch 16/20 starting ...
Epoch 17/20 starting ...
Epoch 18/20 starting ...
Epoch 19/20 starting ...
Epoch 20/20 starting ...
Finished training.
KNIFE: final evaluation on fresh dataset...
  True Entropy:    1.1008
  Final Estimate:  1.2220
  ERRROR:          0.1212
Schraudolph: final evaluation on fresh dataset...
  True Entropy:    1.1008
  Final Estimate:  2.1481
  ERRROR:          1.0473
DoE: final evaluation on fresh dataset...
  True Entropy:    1.1008
  Final Estimate:  4.3653
  ERRROR:          3.2645
Doing run 2...

    Settings:
      CUDA:             True
      debug:            False
      logdir:           runs/pdf-triangle/cubic-False/d-5/rho-1.00
      run_id:           2
      batchsize:        128
      iterations:       1000
      epochs:           20
      kernel_samples:   128
      d:                5
      pdf:              triangle
      rho:              1.00
      lr:               0.00
      data_components:  2
Epoch 1/20 starting ...
Epoch 2/20 starting ...
Epoch 3/20 starting ...
Epoch 4/20 starting ...
Epoch 5/20 starting ...
Epoch 6/20 starting ...
Epoch 7/20 starting ...
Epoch 8/20 starting ...
Epoch 9/20 starting ...
Epoch 10/20 starting ...
Epoch 11/20 starting ...
Epoch 12/20 starting ...
Epoch 13/20 starting ...
Epoch 14/20 starting ...
Epoch 15/20 starting ...
Epoch 16/20 starting ...
Epoch 17/20 starting ...
Epoch 18/20 starting ...
Epoch 19/20 starting ...
Epoch 20/20 starting ...
Finished training.
KNIFE: final evaluation on fresh dataset...
  True Entropy:    0.7518
  Final Estimate:  0.8765
  ERRROR:          0.1247
Schraudolph: final evaluation on fresh dataset...
  True Entropy:    0.7518
  Final Estimate:  1.3626
  ERRROR:          0.6108
DoE: final evaluation on fresh dataset...
  True Entropy:    0.7518
  Final Estimate:  2.3095
  ERRROR:          1.5577
Doing run 3...

    Settings:
      CUDA:             True
      debug:            False
      logdir:           runs/pdf-triangle/cubic-False/d-5/rho-1.00
      run_id:           3
      batchsize:        128
      iterations:       1000
      epochs:           20
      kernel_samples:   128
      d:                5
      pdf:              triangle
      rho:              1.00
      lr:               0.00
      data_components:  2
Epoch 1/20 starting ...
Epoch 2/20 starting ...
Epoch 3/20 starting ...
Epoch 4/20 starting ...
Epoch 5/20 starting ...
Epoch 6/20 starting ...
Epoch 7/20 starting ...
Epoch 8/20 starting ...
Epoch 9/20 starting ...
Epoch 10/20 starting ...
Epoch 11/20 starting ...
Epoch 12/20 starting ...
Epoch 13/20 starting ...
Epoch 14/20 starting ...
Epoch 15/20 starting ...
Epoch 16/20 starting ...
Epoch 17/20 starting ...
Epoch 18/20 starting ...
Epoch 19/20 starting ...
Epoch 20/20 starting ...
Finished training.
KNIFE: final evaluation on fresh dataset...
  True Entropy:    -6.9821
  Final Estimate:  -6.8512
  ERRROR:          0.1309
Schraudolph: final evaluation on fresh dataset...
  True Entropy:    -6.9821
  Final Estimate:  -6.1396
  ERRROR:          0.8425
DoE: final evaluation on fresh dataset...
  True Entropy:    -6.9821
  Final Estimate:  2.5327
  ERRROR:          9.5148
Doing run 4...

    Settings:
      CUDA:             True
      debug:            False
      logdir:           runs/pdf-triangle/cubic-False/d-5/rho-1.00
      run_id:           4
      batchsize:        128
      iterations:       1000
      epochs:           20
      kernel_samples:   128
      d:                5
      pdf:              triangle
      rho:              1.00
      lr:               0.00
      data_components:  2
Epoch 1/20 starting ...
Epoch 2/20 starting ...
Epoch 3/20 starting ...
Epoch 4/20 starting ...
Epoch 5/20 starting ...
Epoch 6/20 starting ...
Epoch 7/20 starting ...
Epoch 8/20 starting ...
Epoch 9/20 starting ...
Epoch 10/20 starting ...
Epoch 11/20 starting ...
Epoch 12/20 starting ...
Epoch 13/20 starting ...
Epoch 14/20 starting ...
Epoch 15/20 starting ...
Epoch 16/20 starting ...
Epoch 17/20 starting ...
Epoch 18/20 starting ...
Epoch 19/20 starting ...
Epoch 20/20 starting ...
Finished training.
KNIFE: final evaluation on fresh dataset...
  True Entropy:    -2.2909
  Final Estimate:  -1.0253
  ERRROR:          1.2656
Schraudolph: final evaluation on fresh dataset...
  True Entropy:    -2.2909
  Final Estimate:  -1.1978
  ERRROR:          1.0931
DoE: final evaluation on fresh dataset...
  True Entropy:    -2.2909
  Final Estimate:  4.0809
  ERRROR:          6.3718
Doing run 5...

    Settings:
      CUDA:             True
      debug:            False
      logdir:           runs/pdf-triangle/cubic-False/d-5/rho-1.00
      run_id:           5
      batchsize:        128
      iterations:       1000
      epochs:           20
      kernel_samples:   128
      d:                5
      pdf:              triangle
      rho:              1.00
      lr:               0.00
      data_components:  2
Epoch 1/20 starting ...
Epoch 2/20 starting ...
Epoch 3/20 starting ...
Epoch 4/20 starting ...
Epoch 5/20 starting ...
Epoch 6/20 starting ...
Epoch 7/20 starting ...
Epoch 8/20 starting ...
Epoch 9/20 starting ...
Epoch 10/20 starting ...
Epoch 11/20 starting ...
Epoch 12/20 starting ...
Epoch 13/20 starting ...
Epoch 14/20 starting ...
Epoch 15/20 starting ...
Epoch 16/20 starting ...
Epoch 17/20 starting ...
Epoch 18/20 starting ...
Epoch 19/20 starting ...
Epoch 20/20 starting ...
Finished training.
KNIFE: final evaluation on fresh dataset...
  True Entropy:    -7.9589
  Final Estimate:  -6.6727
  ERRROR:          1.2862
Schraudolph: final evaluation on fresh dataset...
  True Entropy:    -7.9589
  Final Estimate:  -6.8606
  ERRROR:          1.0983
DoE: final evaluation on fresh dataset...
  True Entropy:    -7.9589
  Final Estimate:  2.5315
  ERRROR:          10.4904
Doing run 6...

    Settings:
      CUDA:             True
      debug:            False
      logdir:           runs/pdf-triangle/cubic-False/d-5/rho-1.00
      run_id:           6
      batchsize:        128
      iterations:       1000
      epochs:           20
      kernel_samples:   128
      d:                5
      pdf:              triangle
      rho:              1.00
      lr:               0.00
      data_components:  2
Epoch 1/20 starting ...
Epoch 2/20 starting ...
Epoch 3/20 starting ...
Epoch 4/20 starting ...
Epoch 5/20 starting ...
Epoch 6/20 starting ...
Epoch 7/20 starting ...
Epoch 8/20 starting ...
Epoch 9/20 starting ...
Epoch 10/20 starting ...
Epoch 11/20 starting ...
Epoch 12/20 starting ...
Epoch 13/20 starting ...
Epoch 14/20 starting ...
Epoch 15/20 starting ...
Epoch 16/20 starting ...
Epoch 17/20 starting ...
Epoch 18/20 starting ...
Epoch 19/20 starting ...
Epoch 20/20 starting ...
Finished training.
KNIFE: final evaluation on fresh dataset...
  True Entropy:    -3.0212
  Final Estimate:  -1.9437
  ERRROR:          1.0774
Schraudolph: final evaluation on fresh dataset...
  True Entropy:    -3.0212
  Final Estimate:  -1.9114
  ERRROR:          1.1098
DoE: final evaluation on fresh dataset...
  True Entropy:    -3.0212
  Final Estimate:  1.7182
  ERRROR:          4.7394
Doing run 7...

    Settings:
      CUDA:             True
      debug:            False
      logdir:           runs/pdf-triangle/cubic-False/d-5/rho-1.00
      run_id:           7
      batchsize:        128
      iterations:       1000
      epochs:           20
      kernel_samples:   128
      d:                5
      pdf:              triangle
      rho:              1.00
      lr:               0.00
      data_components:  2
Epoch 1/20 starting ...
Epoch 2/20 starting ...
Epoch 3/20 starting ...
Epoch 4/20 starting ...
Epoch 5/20 starting ...
Epoch 6/20 starting ...
Epoch 7/20 starting ...
Epoch 8/20 starting ...
Epoch 9/20 starting ...
Epoch 10/20 starting ...
Epoch 11/20 starting ...
Epoch 12/20 starting ...
Epoch 13/20 starting ...
Epoch 14/20 starting ...
Epoch 15/20 starting ...
Epoch 16/20 starting ...
Epoch 17/20 starting ...
Epoch 18/20 starting ...
Epoch 19/20 starting ...
Epoch 20/20 starting ...
Finished training.
KNIFE: final evaluation on fresh dataset...
  True Entropy:    -6.7614
  Final Estimate:  -6.4631
  ERRROR:          0.2983
Schraudolph: final evaluation on fresh dataset...
  True Entropy:    -6.7614
  Final Estimate:  -6.1464
  ERRROR:          0.6150
DoE: final evaluation on fresh dataset...
  True Entropy:    -6.7614
  Final Estimate:  -1.0463
  ERRROR:          5.7151
Doing run 8...

    Settings:
      CUDA:             True
      debug:            False
      logdir:           runs/pdf-triangle/cubic-False/d-5/rho-1.00
      run_id:           8
      batchsize:        128
      iterations:       1000
      epochs:           20
      kernel_samples:   128
      d:                5
      pdf:              triangle
      rho:              1.00
      lr:               0.00
      data_components:  2
Epoch 1/20 starting ...
Epoch 2/20 starting ...
Epoch 3/20 starting ...
Epoch 4/20 starting ...
Epoch 5/20 starting ...
Epoch 6/20 starting ...
Epoch 7/20 starting ...
Epoch 8/20 starting ...
Epoch 9/20 starting ...
Epoch 10/20 starting ...
Epoch 11/20 starting ...
Epoch 12/20 starting ...
Epoch 13/20 starting ...
Epoch 14/20 starting ...
Epoch 15/20 starting ...
Epoch 16/20 starting ...
Epoch 17/20 starting ...
Epoch 18/20 starting ...
Epoch 19/20 starting ...
Epoch 20/20 starting ...
Finished training.
KNIFE: final evaluation on fresh dataset...
  True Entropy:    -3.0004
  Final Estimate:  -2.6576
  ERRROR:          0.3428
Schraudolph: final evaluation on fresh dataset...
  True Entropy:    -3.0004
  Final Estimate:  -2.1337
  ERRROR:          0.8667
DoE: final evaluation on fresh dataset...
  True Entropy:    -3.0004
  Final Estimate:  2.1681
  ERRROR:          5.1685
Doing run 9...

    Settings:
      CUDA:             True
      debug:            False
      logdir:           runs/pdf-triangle/cubic-False/d-5/rho-1.00
      run_id:           9
      batchsize:        128
      iterations:       1000
      epochs:           20
      kernel_samples:   128
      d:                5
      pdf:              triangle
      rho:              1.00
      lr:               0.00
      data_components:  2
Epoch 1/20 starting ...
Epoch 2/20 starting ...
Epoch 3/20 starting ...
Epoch 4/20 starting ...
Epoch 5/20 starting ...
Epoch 6/20 starting ...
Epoch 7/20 starting ...
Epoch 8/20 starting ...
Epoch 9/20 starting ...
Epoch 10/20 starting ...
Epoch 11/20 starting ...
Epoch 12/20 starting ...
Epoch 13/20 starting ...
Epoch 14/20 starting ...
Epoch 15/20 starting ...
Epoch 16/20 starting ...
Epoch 17/20 starting ...
Epoch 18/20 starting ...
Epoch 19/20 starting ...
Epoch 20/20 starting ...
Finished training.
KNIFE: final evaluation on fresh dataset...
  True Entropy:    -2.1157
  Final Estimate:  -1.9904
  ERRROR:          0.1253
Schraudolph: final evaluation on fresh dataset...
  True Entropy:    -2.1157
  Final Estimate:  -0.8793
  ERRROR:          1.2364
DoE: final evaluation on fresh dataset...
  True Entropy:    -2.1157
  Final Estimate:  4.7602
  ERRROR:          6.8760
Doing run 10...

    Settings:
      CUDA:             True
      debug:            False
      logdir:           runs/pdf-triangle/cubic-False/d-5/rho-1.00
      run_id:           10
      batchsize:        128
      iterations:       1000
      epochs:           20
      kernel_samples:   128
      d:                5
      pdf:              triangle
      rho:              1.00
      lr:               0.00
      data_components:  2
Epoch 1/20 starting ...
Epoch 2/20 starting ...
Epoch 3/20 starting ...
Epoch 4/20 starting ...
Epoch 5/20 starting ...
Epoch 6/20 starting ...
Epoch 7/20 starting ...
Epoch 8/20 starting ...
Epoch 9/20 starting ...
Epoch 10/20 starting ...
Epoch 11/20 starting ...
Epoch 12/20 starting ...
Epoch 13/20 starting ...
Epoch 14/20 starting ...
Epoch 15/20 starting ...
Epoch 16/20 starting ...
Epoch 17/20 starting ...
Epoch 18/20 starting ...
Epoch 19/20 starting ...
Epoch 20/20 starting ...
Finished training.
KNIFE: final evaluation on fresh dataset...
  True Entropy:    -0.3249
  Final Estimate:  0.1721
  ERRROR:          0.4970
Schraudolph: final evaluation on fresh dataset...
  True Entropy:    -0.3249
  Final Estimate:  0.7223
  ERRROR:          1.0471
DoE: final evaluation on fresh dataset...
  True Entropy:    -0.3249
  Final Estimate:  3.8046
  ERRROR:          4.1295
FINAL:
KNIFE:
  error 1: 0.5269 ± 0.4644
Schraudolph:
  error 1: 0.9567 ± 0.2035
DoE:
  error 1: 5.7828 ± 2.5696
